<?xml version="1.0" encoding="UTF-8"?>
<!-- Generated by org.testng.reporters.JUnitReportReporter -->
<testsuite hostname="Garimas-MacBook-Air.local" failures="0" tests="3" name="eCommerce.endToendFramework.Tests.SubmitOrder" time="38.131" errors="0" timestamp="2023-06-12T19:06:57 GMT-04:00" skipped="0">
  <testcase classname="eCommerce.endToendFramework.Tests.SubmitOrder" name="submitOrder" time="15.434"/>
  <system-out/>
  <testcase classname="eCommerce.endToendFramework.Tests.SubmitOrder" name="orderHistoryTest" time="7.844"/>
  <system-out/>
  <testcase classname="eCommerce.endToendFramework.Tests.SubmitOrder" name="submitOrder" time="14.853"/>
  <system-out/>
</testsuite> <!-- eCommerce.endToendFramework.Tests.SubmitOrder -->
