<?xml version="1.0" encoding="UTF-8"?>
<!-- Generated by org.testng.reporters.JUnitReportReporter -->
<testsuite hostname="Garimas-MacBook-Air.local" failures="0" tests="1" name="eCommerce.endToendFramework.Tests.ErrorValidation" time="7.319" errors="0" timestamp="2023-06-12T16:28:43 GMT-04:00" skipped="0">
  <testcase classname="eCommerce.endToendFramework.Tests.ErrorValidation" name="verifyErrorMessageonWrongCredentials" time="7.319"/>
  <system-out/>
</testsuite> <!-- eCommerce.endToendFramework.Tests.ErrorValidation -->
