<?xml version="1.0" encoding="UTF-8"?>
<!-- Generated by org.testng.reporters.JUnitReportReporter -->
<testsuite hostname="Garimas-MacBook-Air.local" failures="0" tests="2" name="eCommerce.endToendFramework.Tests.ErrorValidationTest" time="17.123" errors="0" timestamp="2023-06-14T22:14:04 GMT-04:00" skipped="0">
  <testcase classname="eCommerce.endToendFramework.Tests.ErrorValidationTest" name="verifyIfProductNameMatchesInCartNegScenario" time="9.460"/>
  <testcase classname="eCommerce.endToendFramework.Tests.ErrorValidationTest" name="verifyErrorMessageonWrongCredentials" time="7.663"/>
</testsuite> <!-- eCommerce.endToendFramework.Tests.ErrorValidationTest -->
